<?xml version="1.0" encoding="UTF-8"?>
<testsuite xmlns:xsi="http://www.w3.org/2001/XMLSchema-instance" xsi:noNamespaceSchemaLocation="https://maven.apache.org/surefire/maven-surefire-plugin/xsd/surefire-test-report-3.0.xsd" version="3.0" name="com.lcwd.hotel.HotelServices.HotelServicesApplicationTests" time="9.971" tests="1" errors="0" skipped="0" failures="0">
  <properties>
[...]
</properties>
  <testcase name="contextLoads" classname="com.lcwd.hotel.HotelServices.HotelServicesApplicationTests" time="2.217">
    <system-out><![CDATA[13:02:31.701 [main] INFO org.springframework.test.context.support.AnnotationConfigContextLoaderUtils -- Could not detect default configuration classes for test class [com.lcwd.hotel.HotelServices.HotelServicesApplicationTests]: HotelServicesApplicationTests does not declare any static, non-private, non-final, nested classes annotated with @Configuration.
13:02:32.008 [main] INFO org.springframework.boot.test.context.SpringBootTestContextBootstrapper -- Found @SpringBootConfiguration com.lcwd.hotel.HotelServices.HotelServicesApplication for test class com.lcwd.hotel.HotelServices.HotelServicesApplicationTests

  .   ____          _            __ _ _
 /\\ / ___'_ __ _ _(_)_ __  __ _ \ \ \ \
( ( )\___ | '_ | '_| | '_ \/ _` | \ \ \ \
 \\/  ___)| |_)| | | | | || (_| |  ) ) ) )
  '  |____| .__|_| |_|_| |_\__, | / / / /
 =========|_|==============|___/=/_/_/_/
 :: Spring Boot ::                (v3.1.3)

2024-05-16T13:02:33.159+05:30  INFO 1872 --- [           main] c.l.h.H.HotelServicesApplicationTests    : Starting HotelServicesApplicationTests using Java 19.0.2 with PID 1872 (started by Mukul in E:\deployment_hotel\hotelmicroservices1 (2)\hotelmicroservices1\HotelServices)
2024-05-16T13:02:33.162+05:30  INFO 1872 --- [           main] c.l.h.H.HotelServicesApplicationTests    : No active profile set, falling back to 1 default profile: "default"
2024-05-16T13:02:34.730+05:30  INFO 1872 --- [           main] .s.d.r.c.RepositoryConfigurationDelegate : Bootstrapping Spring Data MongoDB repositories in DEFAULT mode.
2024-05-16T13:02:34.844+05:30  INFO 1872 --- [           main] .s.d.r.c.RepositoryConfigurationDelegate : Finished Spring Data repository scanning in 103 ms. Found 1 MongoDB repository interfaces.
2024-05-16T13:02:36.049+05:30  INFO 1872 --- [ian.mongodb.net] org.mongodb.driver.cluster               : Adding discovered server ac-uzyody0-shard-00-01.gds4ian.mongodb.net:27017 to client view of cluster
2024-05-16T13:02:36.110+05:30  INFO 1872 --- [           main] org.mongodb.driver.client                : MongoClient with metadata {"driver": {"name": "mongo-java-driver|sync|spring-boot", "version": "4.9.1"}, "os": {"type": "Windows", "name": "Windows 10", "architecture": "amd64", "version": "10.0"}, "platform": "Java/Oracle Corporation/19.0.2+7-44"} created with settings MongoClientSettings{readPreference=primary, writeConcern=WriteConcern{w=majority, wTimeout=null ms, journal=null}, retryWrites=true, retryReads=true, readConcern=ReadConcern{level=null}, credential=MongoCredential{mechanism=null, userName='mkpalariya', source='admin', password=<hidden>, mechanismProperties=<hidden>}, streamFactoryFactory=null, commandListeners=[], codecRegistry=ProvidersCodecRegistry{codecProviders=[ValueCodecProvider{}, BsonValueCodecProvider{}, DBRefCodecProvider{}, DBObjectCodecProvider{}, DocumentCodecProvider{}, CollectionCodecProvider{}, IterableCodecProvider{}, MapCodecProvider{}, GeoJsonCodecProvider{}, GridFSFileCodecProvider{}, Jsr310CodecProvider{}, JsonObjectCodecProvider{}, BsonCodecProvider{}, EnumCodecProvider{}, com.mongodb.client.model.mql.ExpressionCodecProvider@303c55fa, com.mongodb.Jep395RecordCodecProvider@9efcd90]}, loggerSettings=LoggerSettings{maxDocumentLength=1000}, clusterSettings={hosts=[127.0.0.1:27017], srvHost=cluster0.gds4ian.mongodb.net, srvServiceName=mongodb, mode=MULTIPLE, requiredClusterType=REPLICA_SET, requiredReplicaSetName='atlas-xucqeh-shard-0', serverSelector='null', clusterListeners='[]', serverSelectionTimeout='30000 ms', localThreshold='30000 ms'}, socketSettings=SocketSettings{connectTimeoutMS=10000, readTimeoutMS=0, receiveBufferSize=0, sendBufferSize=0}, heartbeatSocketSettings=SocketSettings{connectTimeoutMS=10000, readTimeoutMS=10000, receiveBufferSize=0, sendBufferSize=0}, connectionPoolSettings=ConnectionPoolSettings{maxSize=100, minSize=0, maxWaitTimeMS=120000, maxConnectionLifeTimeMS=0, maxConnectionIdleTimeMS=0, maintenanceInitialDelayMS=0, maintenanceFrequencyMS=60000, connectionPoolListeners=[], maxConnecting=2}, serverSettings=ServerSettings{heartbeatFrequencyMS=10000, minHeartbeatFrequencyMS=500, serverListeners='[]', serverMonitorListeners='[]'}, sslSettings=SslSettings{enabled=true, invalidHostNameAllowed=false, context=null}, applicationName='null', compressorList=[], uuidRepresentation=JAVA_LEGACY, serverApi=null, autoEncryptionSettings=null, contextProvider=null}
2024-05-16T13:02:36.118+05:30  INFO 1872 --- [ian.mongodb.net] org.mongodb.driver.cluster               : Adding discovered server ac-uzyody0-shard-00-00.gds4ian.mongodb.net:27017 to client view of cluster
2024-05-16T13:02:36.121+05:30  INFO 1872 --- [ian.mongodb.net] org.mongodb.driver.cluster               : Adding discovered server ac-uzyody0-shard-00-02.gds4ian.mongodb.net:27017 to client view of cluster
2024-05-16T13:02:38.172+05:30  INFO 1872 --- [ngodb.net:27017] org.mongodb.driver.cluster               : Monitor thread successfully connected to server with description ServerDescription{address=ac-uzyody0-shard-00-00.gds4ian.mongodb.net:27017, type=REPLICA_SET_SECONDARY, state=CONNECTED, ok=true, minWireVersion=0, maxWireVersion=21, maxDocumentSize=16777216, logicalSessionTimeoutMinutes=30, roundTripTimeNanos=995623700, setName='atlas-xucqeh-shard-0', canonicalAddress=ac-uzyody0-shard-00-00.gds4ian.mongodb.net:27017, hosts=[ac-uzyody0-shard-00-00.gds4ian.mongodb.net:27017, ac-uzyody0-shard-00-01.gds4ian.mongodb.net:27017, ac-uzyody0-shard-00-02.gds4ian.mongodb.net:27017], passives=[], arbiters=[], primary='ac-uzyody0-shard-00-01.gds4ian.mongodb.net:27017', tagSet=TagSet{[Tag{name='availabilityZone', value='use1-az2'}, Tag{name='diskState', value='READY'}, Tag{name='nodeType', value='ELECTABLE'}, Tag{name='provider', value='AWS'}, Tag{name='region', value='US_EAST_1'}, Tag{name='workloadType', value='OPERATIONAL'}]}, electionId=null, setVersion=16, topologyVersion=TopologyVersion{processId=66445fed75faca1497139ac2, counter=4}, lastWriteDate=Thu May 16 13:02:36 IST 2024, lastUpdateTimeNanos=2726357051306700}
2024-05-16T13:02:38.173+05:30  INFO 1872 --- [ngodb.net:27017] org.mongodb.driver.cluster               : Monitor thread successfully connected to server with description ServerDescription{address=ac-uzyody0-shard-00-01.gds4ian.mongodb.net:27017, type=REPLICA_SET_PRIMARY, state=CONNECTED, ok=true, minWireVersion=0, maxWireVersion=21, maxDocumentSize=16777216, logicalSessionTimeoutMinutes=30, roundTripTimeNanos=998489700, setName='atlas-xucqeh-shard-0', canonicalAddress=ac-uzyody0-shard-00-01.gds4ian.mongodb.net:27017, hosts=[ac-uzyody0-shard-00-00.gds4ian.mongodb.net:27017, ac-uzyody0-shard-00-01.gds4ian.mongodb.net:27017, ac-uzyody0-shard-00-02.gds4ian.mongodb.net:27017], passives=[], arbiters=[], primary='ac-uzyody0-shard-00-01.gds4ian.mongodb.net:27017', tagSet=TagSet{[Tag{name='availabilityZone', value='use1-az4'}, Tag{name='diskState', value='READY'}, Tag{name='nodeType', value='ELECTABLE'}, Tag{name='provider', value='AWS'}, Tag{name='region', value='US_EAST_1'}, Tag{name='workloadType', value='OPERATIONAL'}]}, electionId=7fffffff0000000000000155, setVersion=16, topologyVersion=TopologyVersion{processId=66445edad35ebdfa74eaa363, counter=6}, lastWriteDate=Thu May 16 13:02:36 IST 2024, lastUpdateTimeNanos=2726357054252300}
2024-05-16T13:02:38.176+05:30  INFO 1872 --- [ngodb.net:27017] org.mongodb.driver.cluster               : Monitor thread successfully connected to server with description ServerDescription{address=ac-uzyody0-shard-00-02.gds4ian.mongodb.net:27017, type=REPLICA_SET_SECONDARY, state=CONNECTED, ok=true, minWireVersion=0, maxWireVersion=21, maxDocumentSize=16777216, logicalSessionTimeoutMinutes=30, roundTripTimeNanos=994770100, setName='atlas-xucqeh-shard-0', canonicalAddress=ac-uzyody0-shard-00-02.gds4ian.mongodb.net:27017, hosts=[ac-uzyody0-shard-00-00.gds4ian.mongodb.net:27017, ac-uzyody0-shard-00-01.gds4ian.mongodb.net:27017, ac-uzyody0-shard-00-02.gds4ian.mongodb.net:27017], passives=[], arbiters=[], primary='ac-uzyody0-shard-00-01.gds4ian.mongodb.net:27017', tagSet=TagSet{[Tag{name='availabilityZone', value='use1-az6'}, Tag{name='diskState', value='READY'}, Tag{name='nodeType', value='ELECTABLE'}, Tag{name='provider', value='AWS'}, Tag{name='region', value='US_EAST_1'}, Tag{name='workloadType', value='OPERATIONAL'}]}, electionId=null, setVersion=16, topologyVersion=TopologyVersion{processId=6644613628bcd971d6d289d9, counter=3}, lastWriteDate=Thu May 16 13:02:36 IST 2024, lastUpdateTimeNanos=2726357050499900}
2024-05-16T13:02:38.181+05:30  INFO 1872 --- [ngodb.net:27017] org.mongodb.driver.cluster               : Discovered replica set primary ac-uzyody0-shard-00-01.gds4ian.mongodb.net:27017 with max election id 7fffffff0000000000000155 and max set version 16
2024-05-16T13:02:38.884+05:30  INFO 1872 --- [           main] c.l.h.H.HotelServicesApplicationTests    : Started HotelServicesApplicationTests in 6.378 seconds (process running for 9.085)
]]></system-out>
  </testcase>
</testsuite>